<?xml version="1.0" encoding="UTF-8"?>
<testng-results ignored="0" total="4" passed="3" failed="1" skipped="0">
  <reporter-output>
  </reporter-output>
  <suite started-at="2021-03-31T18:30:38 EDT" name="All Test Suite" finished-at="2021-03-31T18:30:55 EDT" duration-ms="16270">
    <groups>
    </groups>
    <test started-at="2021-03-31T18:30:38 EDT" name="valitading navigation bar" finished-at="2021-03-31T18:30:48 EDT" duration-ms="9376">
      <class name="AcadmyTest.validateNavigationBar">
        <test-method is-config="true" signature="initialize()[pri:0, instance:AcadmyTest.validateNavigationBar@64dafeed]" started-at="2021-03-31T18:30:38 EDT" name="initialize" finished-at="2021-03-31T18:30:48 EDT" duration-ms="9275" status="PASS">
          <reporter-output>
          </reporter-output>
        </test-method> <!-- initialize -->
        <test-method signature="validateNavigationBar()[pri:0, instance:AcadmyTest.validateNavigationBar@64dafeed]" started-at="2021-03-31T18:30:48 EDT" name="validateNavigationBar" finished-at="2021-03-31T18:30:48 EDT" duration-ms="60" status="PASS">
          <reporter-output>
          </reporter-output>
        </test-method> <!-- validateNavigationBar -->
        <test-method is-config="true" signature="teardown()[pri:0, instance:AcadmyTest.validateNavigationBar@64dafeed]" started-at="2021-03-31T18:30:48 EDT" name="teardown" finished-at="2021-03-31T18:30:48 EDT" duration-ms="36" status="PASS">
          <reporter-output>
          </reporter-output>
        </test-method> <!-- teardown -->
      </class> <!-- AcadmyTest.validateNavigationBar -->
    </test> <!-- valitading navigation bar -->
    <test started-at="2021-03-31T18:30:38 EDT" name="validating titile" finished-at="2021-03-31T18:30:48 EDT" duration-ms="9738">
      <class name="AcadmyTest.validateTitle">
        <test-method is-config="true" signature="initialize()[pri:0, instance:AcadmyTest.validateTitle@3d484181]" started-at="2021-03-31T18:30:38 EDT" name="initialize" finished-at="2021-03-31T18:30:48 EDT" duration-ms="9270" status="PASS">
          <reporter-output>
          </reporter-output>
        </test-method> <!-- initialize -->
        <test-method signature="ValidateWebTitle()[pri:0, instance:AcadmyTest.validateTitle@3d484181]" started-at="2021-03-31T18:30:48 EDT" name="ValidateWebTitle" finished-at="2021-03-31T18:30:48 EDT" duration-ms="51" status="FAIL">
          <exception class="java.lang.AssertionError">
            <message>
              <![CDATA[expected [FEATURED COURSES111] but found [FEATURED COURSES]]]>
            </message>
            <full-stacktrace>
              <![CDATA[java.lang.AssertionError: expected [FEATURED COURSES111] but found [FEATURED COURSES]
at org.testng.Assert.fail(Assert.java:99)
at org.testng.Assert.failNotEquals(Assert.java:1037)
at org.testng.Assert.assertEqualsImpl(Assert.java:140)
at org.testng.Assert.assertEquals(Assert.java:122)
at org.testng.Assert.assertEquals(Assert.java:629)
at org.testng.Assert.assertEquals(Assert.java:639)
at AcadmyTest.validateTitle.ValidateWebTitle(validateTitle.java:30)
at java.base/jdk.internal.reflect.NativeMethodAccessorImpl.invoke0(Native Method)
at java.base/jdk.internal.reflect.NativeMethodAccessorImpl.invoke(NativeMethodAccessorImpl.java:64)
at java.base/jdk.internal.reflect.DelegatingMethodAccessorImpl.invoke(DelegatingMethodAccessorImpl.java:43)
at java.base/java.lang.reflect.Method.invoke(Method.java:564)
at org.testng.internal.MethodInvocationHelper.invokeMethod(MethodInvocationHelper.java:133)
at org.testng.internal.TestInvoker.invokeMethod(TestInvoker.java:598)
at org.testng.internal.TestInvoker.invokeTestMethod(TestInvoker.java:173)
at org.testng.internal.MethodRunner.runInSequence(MethodRunner.java:46)
at org.testng.internal.TestInvoker$MethodInvocationAgent.invoke(TestInvoker.java:824)
at org.testng.internal.TestInvoker.invokeTestMethods(TestInvoker.java:146)
at org.testng.internal.TestMethodWorker.invokeTestMethods(TestMethodWorker.java:146)
at org.testng.internal.TestMethodWorker.run(TestMethodWorker.java:128)
at java.base/java.util.ArrayList.forEach(ArrayList.java:1511)
at org.testng.TestRunner.privateRun(TestRunner.java:794)
at org.testng.TestRunner.run(TestRunner.java:596)
at org.testng.SuiteRunner.runTest(SuiteRunner.java:377)
at org.testng.SuiteRunner.access$000(SuiteRunner.java:28)
at org.testng.SuiteRunner$SuiteWorker.run(SuiteRunner.java:418)
at org.testng.internal.thread.ThreadUtil.lambda$execute$0(ThreadUtil.java:64)
at java.base/java.util.concurrent.FutureTask.run(FutureTask.java:264)
at java.base/java.util.concurrent.ThreadPoolExecutor.runWorker(ThreadPoolExecutor.java:1130)
at java.base/java.util.concurrent.ThreadPoolExecutor$Worker.run(ThreadPoolExecutor.java:630)
at java.base/java.lang.Thread.run(Thread.java:832)
]]>
            </full-stacktrace>
          </exception> <!-- java.lang.AssertionError -->
          <reporter-output>
          </reporter-output>
        </test-method> <!-- ValidateWebTitle -->
        <test-method is-config="true" signature="teardown()[pri:0, instance:AcadmyTest.validateTitle@3d484181]" started-at="2021-03-31T18:30:48 EDT" name="teardown" finished-at="2021-03-31T18:30:48 EDT" duration-ms="33" status="PASS">
          <reporter-output>
          </reporter-output>
        </test-method> <!-- teardown -->
      </class> <!-- AcadmyTest.validateTitle -->
    </test> <!-- validating titile -->
    <test started-at="2021-03-31T18:30:38 EDT" name="Validating user login" finished-at="2021-03-31T18:30:55 EDT" duration-ms="16270">
      <class name="AcadmyTest.HomePage">
        <test-method is-config="true" signature="initialize()[pri:0, instance:AcadmyTest.HomePage@1080b026]" started-at="2021-03-31T18:30:38 EDT" name="initialize" finished-at="2021-03-31T18:30:40 EDT" duration-ms="1734" status="PASS">
          <reporter-output>
          </reporter-output>
        </test-method> <!-- initialize -->
        <test-method signature="basePageNavigation(java.lang.String,java.lang.String,java.lang.String)[pri:0, instance:AcadmyTest.HomePage@1080b026]" started-at="2021-03-31T18:30:40 EDT" name="basePageNavigation" data-provider="getData" finished-at="2021-03-31T18:30:50 EDT" duration-ms="9890" status="PASS">
          <params>
            <param index="0">
              <value>
                <![CDATA[restrecteduser@qw.com]]>
              </value>
            </param>
            <param index="1">
              <value>
                <![CDATA[123456]]>
              </value>
            </param>
            <param index="2">
              <value>
                <![CDATA[restricted User]]>
              </value>
            </param>
          </params>
          <reporter-output>
          </reporter-output>
        </test-method> <!-- basePageNavigation -->
        <test-method signature="basePageNavigation(java.lang.String,java.lang.String,java.lang.String)[pri:0, instance:AcadmyTest.HomePage@1080b026]" started-at="2021-03-31T18:30:50 EDT" name="basePageNavigation" data-provider="getData" finished-at="2021-03-31T18:30:55 EDT" duration-ms="4600" status="PASS">
          <params>
            <param index="0">
              <value>
                <![CDATA[Nonrestrecteduser@qw.com]]>
              </value>
            </param>
            <param index="1">
              <value>
                <![CDATA[123466]]>
              </value>
            </param>
            <param index="2">
              <value>
                <![CDATA[Nonrestrected users]]>
              </value>
            </param>
          </params>
          <reporter-output>
          </reporter-output>
        </test-method> <!-- basePageNavigation -->
        <test-method is-config="true" signature="teardown()[pri:0, instance:AcadmyTest.HomePage@1080b026]" started-at="2021-03-31T18:30:55 EDT" name="teardown" finished-at="2021-03-31T18:30:55 EDT" duration-ms="27" status="PASS">
          <reporter-output>
          </reporter-output>
        </test-method> <!-- teardown -->
      </class> <!-- AcadmyTest.HomePage -->
    </test> <!-- Validating user login -->
  </suite> <!-- All Test Suite -->
</testng-results>
